<?xml version="1.0" encoding="UTF-8"?>
<!-- Generated by org.testng.reporters.JUnitXMLReporter -->
<testsuite ignored="9" hostname="DESKTOP-JJE516S" failures="0" tests="1" name="Default test" time="81.714" errors="0" timestamp="2023-06-05T16:06:16 IST">
  <testcase classname="testcomponent.RegTest" name="test10" time="76.776"/>
  <testcase classname="testcomponent.RegTest" name="test01" time="0.0">
    <ignored/>
  </testcase> <!-- test01 -->
  <testcase classname="testcomponent.RegTest" name="test05" time="0.0">
    <ignored/>
  </testcase> <!-- test05 -->
  <testcase classname="testcomponent.RegTest" name="test04" time="0.0">
    <ignored/>
  </testcase> <!-- test04 -->
  <testcase classname="testcomponent.RegTest" name="test03" time="0.0">
    <ignored/>
  </testcase> <!-- test03 -->
  <testcase classname="testcomponent.RegTest" name="test02" time="0.0">
    <ignored/>
  </testcase> <!-- test02 -->
  <testcase classname="testcomponent.RegTest" name="test09" time="0.0">
    <ignored/>
  </testcase> <!-- test09 -->
  <testcase classname="testcomponent.RegTest" name="test08" time="0.0">
    <ignored/>
  </testcase> <!-- test08 -->
  <testcase classname="testcomponent.RegTest" name="test07" time="0.0">
    <ignored/>
  </testcase> <!-- test07 -->
  <testcase classname="testcomponent.RegTest" name="test06" time="0.0">
    <ignored/>
  </testcase> <!-- test06 -->
</testsuite> <!-- Default test -->
