<?xml version="1.0" encoding="UTF-8"?>
<!-- Generated by org.testng.reporters.JUnitXMLReporter -->
<testsuite ignored="0" hostname="DESKTOP-JJE516S" failures="0" tests="12" name="Default test" time="397.155" errors="0" timestamp="2023-06-08T13:37:41 IST">
  <testcase classname="testcomponent.RegTest" name="test01" time="0.048"/>
  <testcase classname="testcomponent.RegTest" name="test02" time="0.016"/>
  <testcase classname="testcomponent.RegTest" name="test03" time="14.131"/>
  <testcase classname="testcomponent.RegTest" name="test04" time="12.535"/>
  <testcase classname="testcomponent.RegTest" name="test05" time="44.647"/>
  <testcase classname="testcomponent.RegTest" name="test06" time="69.842"/>
  <testcase classname="testcomponent.RegTest" name="test07" time="22.935"/>
  <testcase classname="testcomponent.RegTest" name="test08" time="35.278"/>
  <testcase classname="testcomponent.RegTest" name="test09" time="33.97"/>
  <testcase classname="testcomponent.RegTest" name="test10" time="74.509"/>
  <testcase classname="testcomponent.RegTest" name="test11" time="46.811"/>
  <testcase classname="testcomponent.RegTest" name="test12" time="10.035"/>
</testsuite> <!-- Default test -->
