<?xml version="1.0" encoding="UTF-8"?>
<testng-results ignored="0" total="12" passed="12" failed="0" skipped="0">
  <reporter-output>
  </reporter-output>
  <suite started-at="2023-06-08T13:31:04 IST" name="Default suite" finished-at="2023-06-08T13:37:41 IST" duration-ms="397155">
    <groups>
    </groups>
    <test started-at="2023-06-08T13:31:04 IST" name="Default test" finished-at="2023-06-08T13:37:41 IST" duration-ms="397155">
      <class name="testcomponent.RegTest">
        <test-method is-config="true" signature="beforesuite()[pri:0, instance:testcomponent.RegTest@239a307b]" started-at="2023-06-08T13:31:04 IST" name="beforesuite" finished-at="2023-06-08T13:31:04 IST" duration-ms="234" status="PASS">
          <reporter-output>
          </reporter-output>
        </test-method> <!-- beforesuite -->
        <test-method is-config="true" signature="beforetest()[pri:0, instance:testcomponent.RegTest@239a307b]" started-at="2023-06-08T13:31:04 IST" name="beforetest" finished-at="2023-06-08T13:31:08 IST" duration-ms="4097" status="PASS">
          <reporter-output>
          </reporter-output>
        </test-method> <!-- beforetest -->
        <test-method signature="test01()[pri:0, instance:testcomponent.RegTest@239a307b]" started-at="2023-06-08T13:31:08 IST" name="test01" finished-at="2023-06-08T13:31:08 IST" duration-ms="48" status="PASS">
          <reporter-output>
          </reporter-output>
        </test-method> <!-- test01 -->
        <test-method is-config="true" signature="aftertest()[pri:0, instance:testcomponent.RegTest@239a307b]" started-at="2023-06-08T13:31:08 IST" name="aftertest" finished-at="2023-06-08T13:31:08 IST" duration-ms="216" status="PASS">
          <reporter-output>
          </reporter-output>
        </test-method> <!-- aftertest -->
        <test-method is-config="true" signature="beforetest()[pri:0, instance:testcomponent.RegTest@239a307b]" started-at="2023-06-08T13:31:08 IST" name="beforetest" finished-at="2023-06-08T13:31:10 IST" duration-ms="2204" status="PASS">
          <reporter-output>
          </reporter-output>
        </test-method> <!-- beforetest -->
        <test-method signature="test02()[pri:0, instance:testcomponent.RegTest@239a307b]" started-at="2023-06-08T13:31:10 IST" name="test02" finished-at="2023-06-08T13:31:10 IST" duration-ms="16" status="PASS">
          <reporter-output>
          </reporter-output>
        </test-method> <!-- test02 -->
        <test-method is-config="true" signature="aftertest()[pri:0, instance:testcomponent.RegTest@239a307b]" started-at="2023-06-08T13:31:10 IST" name="aftertest" finished-at="2023-06-08T13:31:11 IST" duration-ms="169" status="PASS">
          <reporter-output>
          </reporter-output>
        </test-method> <!-- aftertest -->
        <test-method is-config="true" signature="beforetest()[pri:0, instance:testcomponent.RegTest@239a307b]" started-at="2023-06-08T13:31:11 IST" name="beforetest" finished-at="2023-06-08T13:31:13 IST" duration-ms="2094" status="PASS">
          <reporter-output>
          </reporter-output>
        </test-method> <!-- beforetest -->
        <test-method signature="test03()[pri:0, instance:testcomponent.RegTest@239a307b]" started-at="2023-06-08T13:31:13 IST" name="test03" finished-at="2023-06-08T13:31:27 IST" duration-ms="14131" status="PASS">
          <reporter-output>
          </reporter-output>
        </test-method> <!-- test03 -->
        <test-method is-config="true" signature="aftertest()[pri:0, instance:testcomponent.RegTest@239a307b]" started-at="2023-06-08T13:31:27 IST" name="aftertest" finished-at="2023-06-08T13:31:27 IST" duration-ms="288" status="PASS">
          <reporter-output>
          </reporter-output>
        </test-method> <!-- aftertest -->
        <test-method is-config="true" signature="beforetest()[pri:0, instance:testcomponent.RegTest@239a307b]" started-at="2023-06-08T13:31:27 IST" name="beforetest" finished-at="2023-06-08T13:31:29 IST" duration-ms="2169" status="PASS">
          <reporter-output>
          </reporter-output>
        </test-method> <!-- beforetest -->
        <test-method signature="test04()[pri:0, instance:testcomponent.RegTest@239a307b]" started-at="2023-06-08T13:31:29 IST" name="test04" finished-at="2023-06-08T13:31:42 IST" duration-ms="12535" status="PASS">
          <reporter-output>
          </reporter-output>
        </test-method> <!-- test04 -->
        <test-method is-config="true" signature="aftertest()[pri:0, instance:testcomponent.RegTest@239a307b]" started-at="2023-06-08T13:31:42 IST" name="aftertest" finished-at="2023-06-08T13:31:42 IST" duration-ms="234" status="PASS">
          <reporter-output>
          </reporter-output>
        </test-method> <!-- aftertest -->
        <test-method is-config="true" signature="beforetest()[pri:0, instance:testcomponent.RegTest@239a307b]" started-at="2023-06-08T13:31:42 IST" name="beforetest" finished-at="2023-06-08T13:31:44 IST" duration-ms="2161" status="PASS">
          <reporter-output>
          </reporter-output>
        </test-method> <!-- beforetest -->
        <test-method signature="test05()[pri:0, instance:testcomponent.RegTest@239a307b]" started-at="2023-06-08T13:31:44 IST" name="test05" finished-at="2023-06-08T13:32:29 IST" duration-ms="44647" status="PASS">
          <reporter-output>
          </reporter-output>
        </test-method> <!-- test05 -->
        <test-method is-config="true" signature="aftertest()[pri:0, instance:testcomponent.RegTest@239a307b]" started-at="2023-06-08T13:32:29 IST" name="aftertest" finished-at="2023-06-08T13:32:29 IST" duration-ms="248" status="PASS">
          <reporter-output>
          </reporter-output>
        </test-method> <!-- aftertest -->
        <test-method is-config="true" signature="beforetest()[pri:0, instance:testcomponent.RegTest@239a307b]" started-at="2023-06-08T13:32:29 IST" name="beforetest" finished-at="2023-06-08T13:32:31 IST" duration-ms="2257" status="PASS">
          <reporter-output>
          </reporter-output>
        </test-method> <!-- beforetest -->
        <test-method signature="test06()[pri:0, instance:testcomponent.RegTest@239a307b]" started-at="2023-06-08T13:32:31 IST" name="test06" finished-at="2023-06-08T13:33:41 IST" duration-ms="69842" status="PASS">
          <reporter-output>
          </reporter-output>
        </test-method> <!-- test06 -->
        <test-method is-config="true" signature="aftertest()[pri:0, instance:testcomponent.RegTest@239a307b]" started-at="2023-06-08T13:33:41 IST" name="aftertest" finished-at="2023-06-08T13:33:41 IST" duration-ms="96" status="PASS">
          <reporter-output>
          </reporter-output>
        </test-method> <!-- aftertest -->
        <test-method is-config="true" signature="beforetest()[pri:0, instance:testcomponent.RegTest@239a307b]" started-at="2023-06-08T13:33:41 IST" name="beforetest" finished-at="2023-06-08T13:33:44 IST" duration-ms="2235" status="PASS">
          <reporter-output>
          </reporter-output>
        </test-method> <!-- beforetest -->
        <test-method signature="test07()[pri:0, instance:testcomponent.RegTest@239a307b]" started-at="2023-06-08T13:33:44 IST" name="test07" finished-at="2023-06-08T13:34:07 IST" duration-ms="22935" status="PASS">
          <reporter-output>
          </reporter-output>
        </test-method> <!-- test07 -->
        <test-method is-config="true" signature="aftertest()[pri:0, instance:testcomponent.RegTest@239a307b]" started-at="2023-06-08T13:34:07 IST" name="aftertest" finished-at="2023-06-08T13:34:07 IST" duration-ms="155" status="PASS">
          <reporter-output>
          </reporter-output>
        </test-method> <!-- aftertest -->
        <test-method is-config="true" signature="beforetest()[pri:0, instance:testcomponent.RegTest@239a307b]" started-at="2023-06-08T13:34:07 IST" name="beforetest" finished-at="2023-06-08T13:34:09 IST" duration-ms="2362" status="PASS">
          <reporter-output>
          </reporter-output>
        </test-method> <!-- beforetest -->
        <test-method signature="test08()[pri:0, instance:testcomponent.RegTest@239a307b]" started-at="2023-06-08T13:34:09 IST" name="test08" finished-at="2023-06-08T13:34:44 IST" duration-ms="35278" status="PASS">
          <reporter-output>
          </reporter-output>
        </test-method> <!-- test08 -->
        <test-method is-config="true" signature="aftertest()[pri:0, instance:testcomponent.RegTest@239a307b]" started-at="2023-06-08T13:34:44 IST" name="aftertest" finished-at="2023-06-08T13:34:45 IST" duration-ms="178" status="PASS">
          <reporter-output>
          </reporter-output>
        </test-method> <!-- aftertest -->
        <test-method is-config="true" signature="beforetest()[pri:0, instance:testcomponent.RegTest@239a307b]" started-at="2023-06-08T13:34:45 IST" name="beforetest" finished-at="2023-06-08T13:34:48 IST" duration-ms="3212" status="PASS">
          <reporter-output>
          </reporter-output>
        </test-method> <!-- beforetest -->
        <test-method signature="test09()[pri:0, instance:testcomponent.RegTest@239a307b]" started-at="2023-06-08T13:34:48 IST" name="test09" finished-at="2023-06-08T13:35:22 IST" duration-ms="33970" status="PASS">
          <reporter-output>
          </reporter-output>
        </test-method> <!-- test09 -->
        <test-method is-config="true" signature="aftertest()[pri:0, instance:testcomponent.RegTest@239a307b]" started-at="2023-06-08T13:35:22 IST" name="aftertest" finished-at="2023-06-08T13:35:22 IST" duration-ms="149" status="PASS">
          <reporter-output>
          </reporter-output>
        </test-method> <!-- aftertest -->
        <test-method is-config="true" signature="beforetest()[pri:0, instance:testcomponent.RegTest@239a307b]" started-at="2023-06-08T13:35:22 IST" name="beforetest" finished-at="2023-06-08T13:35:24 IST" duration-ms="2558" status="PASS">
          <reporter-output>
          </reporter-output>
        </test-method> <!-- beforetest -->
        <test-method signature="test10()[pri:0, instance:testcomponent.RegTest@239a307b]" started-at="2023-06-08T13:35:24 IST" name="test10" finished-at="2023-06-08T13:36:39 IST" duration-ms="74509" status="PASS">
          <reporter-output>
          </reporter-output>
        </test-method> <!-- test10 -->
        <test-method is-config="true" signature="aftertest()[pri:0, instance:testcomponent.RegTest@239a307b]" started-at="2023-06-08T13:36:39 IST" name="aftertest" finished-at="2023-06-08T13:36:39 IST" duration-ms="214" status="PASS">
          <reporter-output>
          </reporter-output>
        </test-method> <!-- aftertest -->
        <test-method is-config="true" signature="beforetest()[pri:0, instance:testcomponent.RegTest@239a307b]" started-at="2023-06-08T13:36:39 IST" name="beforetest" finished-at="2023-06-08T13:36:41 IST" duration-ms="2237" status="PASS">
          <reporter-output>
          </reporter-output>
        </test-method> <!-- beforetest -->
        <test-method signature="test11()[pri:0, instance:testcomponent.RegTest@239a307b]" started-at="2023-06-08T13:36:41 IST" name="test11" finished-at="2023-06-08T13:37:28 IST" duration-ms="46811" status="PASS">
          <reporter-output>
          </reporter-output>
        </test-method> <!-- test11 -->
        <test-method is-config="true" signature="aftertest()[pri:0, instance:testcomponent.RegTest@239a307b]" started-at="2023-06-08T13:37:28 IST" name="aftertest" finished-at="2023-06-08T13:37:28 IST" duration-ms="319" status="PASS">
          <reporter-output>
          </reporter-output>
        </test-method> <!-- aftertest -->
        <test-method is-config="true" signature="beforetest()[pri:0, instance:testcomponent.RegTest@239a307b]" started-at="2023-06-08T13:37:28 IST" name="beforetest" finished-at="2023-06-08T13:37:31 IST" duration-ms="2195" status="PASS">
          <reporter-output>
          </reporter-output>
        </test-method> <!-- beforetest -->
        <test-method signature="test12()[pri:0, instance:testcomponent.RegTest@239a307b]" started-at="2023-06-08T13:37:31 IST" name="test12" finished-at="2023-06-08T13:37:41 IST" duration-ms="10035" status="PASS">
          <reporter-output>
          </reporter-output>
        </test-method> <!-- test12 -->
        <test-method is-config="true" signature="aftertest()[pri:0, instance:testcomponent.RegTest@239a307b]" started-at="2023-06-08T13:37:41 IST" name="aftertest" finished-at="2023-06-08T13:37:41 IST" duration-ms="239" status="PASS">
          <reporter-output>
          </reporter-output>
        </test-method> <!-- aftertest -->
        <test-method is-config="true" signature="aftersuite()[pri:0, instance:testcomponent.RegTest@239a307b]" started-at="2023-06-08T13:37:41 IST" name="aftersuite" finished-at="2023-06-08T13:37:41 IST" duration-ms="408" status="PASS">
          <reporter-output>
          </reporter-output>
        </test-method> <!-- aftersuite -->
      </class> <!-- testcomponent.RegTest -->
    </test> <!-- Default test -->
  </suite> <!-- Default suite -->
</testng-results>
